<2020-11-06 16:29:33,230>[INFO]： ********************* Start **********************
<2020-11-06 16:29:33,231>[INFO]： Load Client File
<2020-11-06 16:29:33,231>[INFO]： 3 clients detected
<2020-11-06 16:29:33,231>[INFO]： Load User: Y7473146T
<2020-11-06 16:29:33,699>[INFO]： Get Available Phone: 632393829
<2020-11-06 16:30:05,599>[WARNING]： En este momento no hay citas disponibles.
<2020-11-06 16:30:07,761>[INFO]： ********************** End ***********************
<2020-11-06 16:44:33,228>[INFO]： ********************* Start **********************
<2020-11-06 16:44:33,229>[INFO]： Load Client File
<2020-11-06 16:44:33,229>[INFO]： 3 clients detected
<2020-11-06 16:44:33,229>[INFO]： Load User: Y7473146T
<2020-11-06 16:44:33,697>[INFO]： Get Available Phone: 632393829
<2020-11-06 16:59:33,474>[INFO]： ********************* Start **********************
<2020-11-06 16:59:33,479>[INFO]： Load Client File
<2020-11-06 16:59:33,479>[INFO]： 3 clients detected
<2020-11-06 16:59:33,479>[INFO]： Load User: Y7473146T
<2020-11-06 16:59:33,934>[INFO]： Get Available Phone: 632393829
<2020-11-06 17:00:07,936>[WARNING]： En este momento no hay citas disponibles.
<2020-11-06 17:00:10,102>[INFO]： ********************** End ***********************
<2020-11-06 17:14:33,228>[INFO]： ********************* Start **********************
<2020-11-06 17:14:33,256>[INFO]： Load Client File
<2020-11-06 17:14:33,257>[INFO]： 3 clients detected
<2020-11-06 17:14:33,257>[INFO]： Load User: Y7473146T
<2020-11-06 17:14:33,675>[INFO]： Get Available Phone: 632393829
<2020-11-06 17:15:05,752>[WARNING]： En este momento no hay citas disponibles.
<2020-11-06 17:15:07,970>[INFO]： ********************** End ***********************
<2020-11-06 17:29:33,249>[INFO]： ********************* Start **********************
<2020-11-06 17:29:33,257>[INFO]： Load Client File
<2020-11-06 17:29:33,258>[INFO]： 3 clients detected
<2020-11-06 17:29:33,258>[INFO]： Load User: Y7473146T
<2020-11-06 17:29:33,718>[INFO]： Get Available Phone: 632393829
<2020-11-06 17:30:06,304>[WARNING]： En este momento no hay citas disponibles.
<2020-11-06 17:30:08,528>[INFO]： ********************** End ***********************
<2020-11-06 17:44:33,209>[INFO]： ********************* Start **********************
<2020-11-06 17:44:33,219>[INFO]： Load Client File
<2020-11-06 17:44:33,219>[INFO]： 3 clients detected
<2020-11-06 17:44:33,219>[INFO]： Load User: Y7473146T
<2020-11-06 17:44:33,641>[INFO]： Get Available Phone: 632393829
<2020-11-06 17:45:06,940>[WARNING]： En este momento no hay citas disponibles.
<2020-11-06 17:45:09,297>[INFO]： ********************** End ***********************
<2020-11-06 17:59:34,633>[INFO]： ********************* Start **********************
<2020-11-06 17:59:34,723>[INFO]： Load Client File
<2020-11-06 17:59:34,754>[INFO]： 3 clients detected
<2020-11-06 17:59:34,754>[INFO]： Load User: Y7473146T
<2020-11-06 17:59:35,261>[INFO]： Get Available Phone: 632393829
<2020-11-06 18:00:04,263>[INFO]： solving ref captcha...
<2020-11-06 18:00:47,501>[WARNING]： En este momento no hay citas disponibles.
<2020-11-06 18:00:49,774>[INFO]： ********************** End ***********************
<2020-11-06 18:14:33,123>[INFO]： ********************* Start **********************
<2020-11-06 18:14:33,148>[INFO]： Load Client File
<2020-11-06 18:14:33,148>[INFO]： 3 clients detected
<2020-11-06 18:14:33,149>[INFO]： Load User: Y7473146T
<2020-11-06 18:14:33,624>[INFO]： Get Available Phone: 632393829
<2020-11-06 18:15:05,925>[WARNING]： En este momento no hay citas disponibles.
<2020-11-06 18:15:08,185>[INFO]： ********************** End ***********************
<2020-11-06 18:29:33,086>[INFO]： ********************* Start **********************
<2020-11-06 18:29:33,101>[INFO]： Load Client File
<2020-11-06 18:29:33,101>[INFO]： 3 clients detected
<2020-11-06 18:29:33,101>[INFO]： Load User: Y7473146T
<2020-11-06 18:29:33,651>[INFO]： Get Available Phone: 632393829
<2020-11-06 18:30:06,487>[WARNING]： En este momento no hay citas disponibles.
<2020-11-06 18:30:08,633>[INFO]： ********************** End ***********************
<2020-11-06 18:44:33,107>[INFO]： ********************* Start **********************
<2020-11-06 18:44:33,128>[INFO]： Load Client File
<2020-11-06 18:44:33,128>[INFO]： 3 clients detected
<2020-11-06 18:44:33,128>[INFO]： Load User: Y7473146T
<2020-11-06 18:44:33,603>[INFO]： Get Available Phone: 632393829
<2020-11-06 18:45:04,999>[WARNING]： En este momento no hay citas disponibles.
<2020-11-06 18:45:07,250>[INFO]： ********************** End ***********************
<2020-11-06 18:59:33,313>[INFO]： ********************* Start **********************
<2020-11-06 18:59:33,338>[INFO]： Load Client File
<2020-11-06 18:59:33,339>[INFO]： 3 clients detected
<2020-11-06 18:59:33,339>[INFO]： Load User: Y7473146T
<2020-11-06 18:59:33,779>[INFO]： Get Available Phone: 632393829
<2020-11-06 19:00:04,467>[WARNING]： En este momento no hay citas disponibles.
<2020-11-06 19:00:06,592>[INFO]： ********************** End ***********************
<2020-11-06 19:14:33,158>[INFO]： ********************* Start **********************
<2020-11-06 19:14:33,159>[INFO]： Load Client File
<2020-11-06 19:14:33,159>[INFO]： 3 clients detected
<2020-11-06 19:14:33,160>[INFO]： Load User: Y7473146T
<2020-11-06 19:14:33,656>[INFO]： Get Available Phone: 632393829
<2020-11-06 19:15:05,346>[WARNING]： En este momento no hay citas disponibles.
<2020-11-06 19:15:07,458>[INFO]： ********************** End ***********************
<2020-11-06 19:29:33,081>[INFO]： ********************* Start **********************
<2020-11-06 19:29:33,082>[INFO]： Load Client File
<2020-11-06 19:29:33,083>[INFO]： 3 clients detected
<2020-11-06 19:29:33,083>[INFO]： Load User: Y7473146T
<2020-11-06 19:29:33,516>[INFO]： Get Available Phone: 632393829
<2020-11-06 19:30:02,339>[WARNING]： En este momento no hay citas disponibles.
<2020-11-06 19:30:04,547>[INFO]： ********************** End ***********************
<2020-11-06 19:44:33,082>[INFO]： ********************* Start **********************
<2020-11-06 19:44:33,083>[INFO]： Load Client File
<2020-11-06 19:44:33,083>[INFO]： 3 clients detected
<2020-11-06 19:44:33,083>[INFO]： Load User: Y7473146T
<2020-11-06 19:44:33,584>[INFO]： Get Available Phone: 632393829
<2020-11-06 19:45:06,535>[WARNING]： En este momento no hay citas disponibles.
<2020-11-06 19:45:08,723>[INFO]： ********************** End ***********************
<2020-11-06 19:59:32,639>[INFO]： ********************* Start **********************
<2020-11-06 19:59:32,641>[INFO]： Load Client File
<2020-11-06 19:59:32,641>[INFO]： 3 clients detected
<2020-11-06 19:59:32,641>[INFO]： Load User: Y7473146T
<2020-11-06 19:59:33,075>[INFO]： Get Available Phone: 632393829
<2020-11-06 20:00:06,237>[INFO]： [('16', 'cnp - rambla guipuscoa 74, rambla guipuscoa, 74')]
<2020-11-06 20:00:06,237>[WARNING]： Selected Office is not available
<2020-11-06 20:00:08,381>[INFO]： ********************** End ***********************
<2020-11-06 20:00:08,975>[INFO]： ********************* Start **********************
<2020-11-06 20:00:08,976>[INFO]： Load Client File
<2020-11-06 20:00:08,976>[INFO]： 3 clients detected
<2020-11-06 20:00:08,976>[INFO]： Load User: Y7473146T
<2020-11-06 20:00:09,606>[INFO]： Get Available Phone: 632393829
<2020-11-06 20:00:40,724>[INFO]： [('16', 'cnp - rambla guipuscoa 74, rambla guipuscoa, 74')]
<2020-11-06 20:00:40,724>[WARNING]： Selected Office is not available
<2020-11-06 20:00:42,851>[INFO]： ********************** End ***********************
<2020-11-06 20:59:33,179>[INFO]： ********************* Start **********************
<2020-11-06 20:59:33,189>[INFO]： Load Client File
<2020-11-06 20:59:33,190>[INFO]： 3 clients detected
<2020-11-06 20:59:33,190>[INFO]： Load User: Y7473146T
<2020-11-06 20:59:33,922>[INFO]： Get Available Phone: 632393829
<2020-11-06 21:00:05,214>[WARNING]： En este momento no hay citas disponibles.
<2020-11-06 21:00:07,315>[INFO]： ********************** End ***********************
